#
# There is insufficient memory for the Java Runtime Environment to continue.
# Native memory allocation (malloc) failed to allocate 39056 bytes for Chunk::new
# Possible reasons:
#   The system is out of physical RAM or swap space
#   The process is running with CompressedOops enabled, and the Java Heap may be blocking the growth of the native heap
# Possible solutions:
#   Reduce memory load on the system
#   Increase physical memory or swap space
#   Check if swap backing store is full
#   Decrease Java heap size (-Xmx/-Xms)
#   Decrease number of Java threads
#   Decrease Java thread stack sizes (-Xss)
#   Set larger code cache with -XX:ReservedCodeCacheSize=
#   JVM is running with Unscaled Compressed Oops mode in which the Java heap is
#     placed in the first 4GB address space. The Java Heap base address is the
#     maximum limit for the native heap growth. Please use -XX:HeapBaseMinAddress
#     to set the Java Heap base and to place the Java Heap above 4GB virtual address.
# This output file may be truncated or incomplete.
#
#  Out of Memory Error (./open/src/hotspot/share/memory/arena.cpp:197), pid=8776, tid=1184
#
# JRE version: Java(TM) SE Runtime Environment 18.9 (11.0.12+8) (build 11.0.12+8-LTS-237)
# Java VM: Java HotSpot(TM) 64-Bit Server VM 18.9 (11.0.12+8-LTS-237, mixed mode, tiered, compressed oops, g1 gc, windows-amd64)
# No core dump will be written. Minidumps are not enabled by default on client versions of Windows
#

---------------  S U M M A R Y ------------

Command Line: -javaagent:C:\Program Files\JetBrains\IntelliJ IDEA Community Edition 2021.3\lib\idea_rt.jar=64955:C:\Program Files\JetBrains\IntelliJ IDEA Community Edition 2021.3\bin -Dfile.encoding=UTF-8 module5.PracticalWork5Kt

Host: Intel(R) Core(TM) i3-3120M CPU @ 2.50GHz, 4 cores, 3G,  Windows 10 , 64 bit Build 18362 (10.0.18362.86)
Time: Fri Sep 16 14:07:17 2022 RTZ 9 (ceia) elapsed time: 0.315335 seconds (0d 0h 0m 0s)

---------------  T H R E A D  ---------------

Current thread (0x000001bd40e40800):  JavaThread "C2 CompilerThread0" daemon [_thread_in_native, id=1184, stack(0x00000087b8100000,0x00000087b8200000)]


Current CompileTask:
C2:    315  221       4       java.lang.StringLatin1::indexOf (61 bytes)

Stack: [0x00000087b8100000,0x00000087b8200000]
Native frames: (J=compiled Java code, j=interpreted, Vv=VM code, C=native code)
V  [jvm.dll+0x617d9a]
V  [jvm.dll+0x74eeef]
V  [jvm.dll+0x750599]
V  [jvm.dll+0x750c23]
V  [jvm.dll+0x2438d8]
V  [jvm.dll+0xba6dc]
V  [jvm.dll+0xbac9c]
V  [jvm.dll+0x3469b7]
V  [jvm.dll+0x3147a3]
V  [jvm.dll+0x313aea]
V  [jvm.dll+0x1fd105]
V  [jvm.dll+0x1fc2ed]
V  [jvm.dll+0x17f18c]
V  [jvm.dll+0x20b87c]
V  [jvm.dll+0x20997b]
V  [jvm.dll+0x716359]
V  [jvm.dll+0x70f064]
V  [jvm.dll+0x616f66]
C  [ucrtbase.dll+0x1d912]
C  [KERNEL32.DLL+0x17bd4]
C  [ntdll.dll+0x6ce71]


---------------  P R O C E S S  ---------------

Threads class SMR info:
_java_thread_list=0x000001bd419b7fa0, length=11, elements={
0x000001bd23009000, 0x000001bd40db0000, 0x000001bd40ddd000, 0x000001bd40e30000,
0x000001bd40e31000, 0x000001bd40e34000, 0x000001bd40e40800, 0x000001bd40e46000,
0x000001bd40e48000, 0x000001bd417f2800, 0x000001bd41a00000
}

Java Threads: ( => current thread )
  0x000001bd23009000 JavaThread "main" [_thread_in_native, id=436, stack(0x00000087b7500000,0x00000087b7600000)]
  0x000001bd40db0000 JavaThread "Reference Handler" daemon [_thread_blocked, id=9420, stack(0x00000087b7c00000,0x00000087b7d00000)]
  0x000001bd40ddd000 JavaThread "Finalizer" daemon [_thread_blocked, id=8328, stack(0x00000087b7d00000,0x00000087b7e00000)]
  0x000001bd40e30000 JavaThread "Signal Dispatcher" daemon [_thread_blocked, id=6624, stack(0x00000087b7e00000,0x00000087b7f00000)]
  0x000001bd40e31000 JavaThread "Attach Listener" daemon [_thread_blocked, id=8524, stack(0x00000087b7f00000,0x00000087b8000000)]
  0x000001bd40e34000 JavaThread "Service Thread" daemon [_thread_blocked, id=228, stack(0x00000087b8000000,0x00000087b8100000)]
=>0x000001bd40e40800 JavaThread "C2 CompilerThread0" daemon [_thread_in_native, id=1184, stack(0x00000087b8100000,0x00000087b8200000)]
  0x000001bd40e46000 JavaThread "C1 CompilerThread0" daemon [_thread_blocked, id=2792, stack(0x00000087b8200000,0x00000087b8300000)]
  0x000001bd40e48000 JavaThread "Sweeper thread" daemon [_thread_blocked, id=6960, stack(0x00000087b8300000,0x00000087b8400000)]
  0x000001bd417f2800 JavaThread "Common-Cleaner" daemon [_thread_blocked, id=8576, stack(0x00000087b8400000,0x00000087b8500000)]
  0x000001bd41a00000 JavaThread "Monitor Ctrl-Break" daemon [_thread_in_native, id=5944, stack(0x00000087b8500000,0x00000087b8600000)]

Other Threads:
  0x000001bd40dae000 VMThread "VM Thread" [stack: 0x00000087b7b00000,0x00000087b7c00000] [id=1088]
  0x000001bd41a01800 WatcherThread [stack: 0x00000087b8600000,0x00000087b8700000] [id=7560]
  0x000001bd23020000 GCTaskThread "GC Thread#0" [stack: 0x00000087b7600000,0x00000087b7700000] [id=8384]
  0x000001bd23039800 ConcurrentGCThread "G1 Main Marker" [stack: 0x00000087b7700000,0x00000087b7800000] [id=10208]
  0x000001bd2303b800 ConcurrentGCThread "G1 Conc#0" [stack: 0x00000087b7800000,0x00000087b7900000] [id=8704]
  0x000001bd23097000 ConcurrentGCThread "G1 Refine#0" [stack: 0x00000087b7900000,0x00000087b7a00000] [id=6816]
  0x000001bd23098000 ConcurrentGCThread "G1 Young RemSet Sampling" [stack: 0x00000087b7a00000,0x00000087b7b00000] [id=7204]

Threads with active compile tasks:
C2 CompilerThread0    913  221       4       java.lang.StringLatin1::indexOf (61 bytes)

VM state:not at safepoint (normal execution)

VM Mutex/Monitor currently owned by a thread: None

Heap address: 0x00000000c1c00000, size: 996 MB, Compressed Oops mode: 32-bit
Narrow klass base: 0x0000000000000000, Narrow klass shift: 3
Compressed class space size: 1073741824 Address: 0x0000000100000000

Heap:
 garbage-first heap   total 65536K, used 2048K [0x00000000c1c00000, 0x0000000100000000)
  region size 1024K, 3 young (3072K), 0 survivors (0K)
 Metaspace       used 6503K, capacity 6611K, committed 6784K, reserved 1058816K
  class space    used 573K, capacity 606K, committed 640K, reserved 1048576K
Heap Regions: E=young(eden), S=young(survivor), O=old, HS=humongous(starts), HC=humongous(continues), CS=collection set, F=free, A=archive, TAMS=top-at-mark-start (previous, next)
|   0|0x00000000c1c00000, 0x00000000c1c00000, 0x00000000c1d00000|  0%| F|  |TAMS 0x00000000c1c00000, 0x00000000c1c00000| Untracked 
|   1|0x00000000c1d00000, 0x00000000c1d00000, 0x00000000c1e00000|  0%| F|  |TAMS 0x00000000c1d00000, 0x00000000c1d00000| Untracked 
|   2|0x00000000c1e00000, 0x00000000c1e00000, 0x00000000c1f00000|  0%| F|  |TAMS 0x00000000c1e00000, 0x00000000c1e00000| Untracked 
|   3|0x00000000c1f00000, 0x00000000c1f00000, 0x00000000c2000000|  0%| F|  |TAMS 0x00000000c1f00000, 0x00000000c1f00000| Untracked 
|   4|0x00000000c2000000, 0x00000000c2000000, 0x00000000c2100000|  0%| F|  |TAMS 0x00000000c2000000, 0x00000000c2000000| Untracked 
|   5|0x00000000c2100000, 0x00000000c2100000, 0x00000000c2200000|  0%| F|  |TAMS 0x00000000c2100000, 0x00000000c2100000| Untracked 
|   6|0x00000000c2200000, 0x00000000c2200000, 0x00000000c2300000|  0%| F|  |TAMS 0x00000000c2200000, 0x00000000c2200000| Untracked 
|   7|0x00000000c2300000, 0x00000000c2300000, 0x00000000c2400000|  0%| F|  |TAMS 0x00000000c2300000, 0x00000000c2300000| Untracked 
|   8|0x00000000c2400000, 0x00000000c2400000, 0x00000000c2500000|  0%| F|  |TAMS 0x00000000c2400000, 0x00000000c2400000| Untracked 
|   9|0x00000000c2500000, 0x00000000c2500000, 0x00000000c2600000|  0%| F|  |TAMS 0x00000000c2500000, 0x00000000c2500000| Untracked 
|  10|0x00000000c2600000, 0x00000000c2600000, 0x00000000c2700000|  0%| F|  |TAMS 0x00000000c2600000, 0x00000000c2600000| Untracked 
|  11|0x00000000c2700000, 0x00000000c2700000, 0x00000000c2800000|  0%| F|  |TAMS 0x00000000c2700000, 0x00000000c2700000| Untracked 
|  12|0x00000000c2800000, 0x00000000c2800000, 0x00000000c2900000|  0%| F|  |TAMS 0x00000000c2800000, 0x00000000c2800000| Untracked 
|  13|0x00000000c2900000, 0x00000000c2900000, 0x00000000c2a00000|  0%| F|  |TAMS 0x00000000c2900000, 0x00000000c2900000| Untracked 
|  14|0x00000000c2a00000, 0x00000000c2a00000, 0x00000000c2b00000|  0%| F|  |TAMS 0x00000000c2a00000, 0x00000000c2a00000| Untracked 
|  15|0x00000000c2b00000, 0x00000000c2b00000, 0x00000000c2c00000|  0%| F|  |TAMS 0x00000000c2b00000, 0x00000000c2b00000| Untracked 
|  16|0x00000000c2c00000, 0x00000000c2c00000, 0x00000000c2d00000|  0%| F|  |TAMS 0x00000000c2c00000, 0x00000000c2c00000| Untracked 
|  17|0x00000000c2d00000, 0x00000000c2d00000, 0x00000000c2e00000|  0%| F|  |TAMS 0x00000000c2d00000, 0x00000000c2d00000| Untracked 
|  18|0x00000000c2e00000, 0x00000000c2e00000, 0x00000000c2f00000|  0%| F|  |TAMS 0x00000000c2e00000, 0x00000000c2e00000| Untracked 
|  19|0x00000000c2f00000, 0x00000000c2f00000, 0x00000000c3000000|  0%| F|  |TAMS 0x00000000c2f00000, 0x00000000c2f00000| Untracked 
|  20|0x00000000c3000000, 0x00000000c3000000, 0x00000000c3100000|  0%| F|  |TAMS 0x00000000c3000000, 0x00000000c3000000| Untracked 
|  21|0x00000000c3100000, 0x00000000c3100000, 0x00000000c3200000|  0%| F|  |TAMS 0x00000000c3100000, 0x00000000c3100000| Untracked 
|  22|0x00000000c3200000, 0x00000000c3200000, 0x00000000c3300000|  0%| F|  |TAMS 0x00000000c3200000, 0x00000000c3200000| Untracked 
|  23|0x00000000c3300000, 0x00000000c3300000, 0x00000000c3400000|  0%| F|  |TAMS 0x00000000c3300000, 0x00000000c3300000| Untracked 
|  24|0x00000000c3400000, 0x00000000c3400000, 0x00000000c3500000|  0%| F|  |TAMS 0x00000000c3400000, 0x00000000c3400000| Untracked 
|  25|0x00000000c3500000, 0x00000000c3500000, 0x00000000c3600000|  0%| F|  |TAMS 0x00000000c3500000, 0x00000000c3500000| Untracked 
|  26|0x00000000c3600000, 0x00000000c3600000, 0x00000000c3700000|  0%| F|  |TAMS 0x00000000c3600000, 0x00000000c3600000| Untracked 
|  27|0x00000000c3700000, 0x00000000c3700000, 0x00000000c3800000|  0%| F|  |TAMS 0x00000000c3700000, 0x00000000c3700000| Untracked 
|  28|0x00000000c3800000, 0x00000000c3800000, 0x00000000c3900000|  0%| F|  |TAMS 0x00000000c3800000, 0x00000000c3800000| Untracked 
|  29|0x00000000c3900000, 0x00000000c3900000, 0x00000000c3a00000|  0%| F|  |TAMS 0x00000000c3900000, 0x00000000c3900000| Untracked 
|  30|0x00000000c3a00000, 0x00000000c3a00000, 0x00000000c3b00000|  0%| F|  |TAMS 0x00000000c3a00000, 0x00000000c3a00000| Untracked 
|  31|0x00000000c3b00000, 0x00000000c3b00000, 0x00000000c3c00000|  0%| F|  |TAMS 0x00000000c3b00000, 0x00000000c3b00000| Untracked 
|  32|0x00000000c3c00000, 0x00000000c3c00000, 0x00000000c3d00000|  0%| F|  |TAMS 0x00000000c3c00000, 0x00000000c3c00000| Untracked 
|  33|0x00000000c3d00000, 0x00000000c3d00000, 0x00000000c3e00000|  0%| F|  |TAMS 0x00000000c3d00000, 0x00000000c3d00000| Untracked 
|  34|0x00000000c3e00000, 0x00000000c3e00000, 0x00000000c3f00000|  0%| F|  |TAMS 0x00000000c3e00000, 0x00000000c3e00000| Untracked 
|  35|0x00000000c3f00000, 0x00000000c3f00000, 0x00000000c4000000|  0%| F|  |TAMS 0x00000000c3f00000, 0x00000000c3f00000| Untracked 
|  36|0x00000000c4000000, 0x00000000c4000000, 0x00000000c4100000|  0%| F|  |TAMS 0x00000000c4000000, 0x00000000c4000000| Untracked 
|  37|0x00000000c4100000, 0x00000000c4100000, 0x00000000c4200000|  0%| F|  |TAMS 0x00000000c4100000, 0x00000000c4100000| Untracked 
|  38|0x00000000c4200000, 0x00000000c4200000, 0x00000000c4300000|  0%| F|  |TAMS 0x00000000c4200000, 0x00000000c4200000| Untracked 
|  39|0x00000000c4300000, 0x00000000c4300000, 0x00000000c4400000|  0%| F|  |TAMS 0x00000000c4300000, 0x00000000c4300000| Untracked 
|  40|0x00000000c4400000, 0x00000000c4400000, 0x00000000c4500000|  0%| F|  |TAMS 0x00000000c4400000, 0x00000000c4400000| Untracked 
|  41|0x00000000c4500000, 0x00000000c4500000, 0x00000000c4600000|  0%| F|  |TAMS 0x00000000c4500000, 0x00000000c4500000| Untracked 
|  42|0x00000000c4600000, 0x00000000c4600000, 0x00000000c4700000|  0%| F|  |TAMS 0x00000000c4600000, 0x00000000c4600000| Untracked 
|  43|0x00000000c4700000, 0x00000000c4700000, 0x00000000c4800000|  0%| F|  |TAMS 0x00000000c4700000, 0x00000000c4700000| Untracked 
|  44|0x00000000c4800000, 0x00000000c4800000, 0x00000000c4900000|  0%| F|  |TAMS 0x00000000c4800000, 0x00000000c4800000| Untracked 
|  45|0x00000000c4900000, 0x00000000c4900000, 0x00000000c4a00000|  0%| F|  |TAMS 0x00000000c4900000, 0x00000000c4900000| Untracked 
|  46|0x00000000c4a00000, 0x00000000c4a00000, 0x00000000c4b00000|  0%| F|  |TAMS 0x00000000c4a00000, 0x00000000c4a00000| Untracked 
|  47|0x00000000c4b00000, 0x00000000c4b00000, 0x00000000c4c00000|  0%| F|  |TAMS 0x00000000c4b00000, 0x00000000c4b00000| Untracked 
|  48|0x00000000c4c00000, 0x00000000c4c00000, 0x00000000c4d00000|  0%| F|  |TAMS 0x00000000c4c00000, 0x00000000c4c00000| Untracked 
|  49|0x00000000c4d00000, 0x00000000c4d00000, 0x00000000c4e00000|  0%| F|  |TAMS 0x00000000c4d00000, 0x00000000c4d00000| Untracked 
|  50|0x00000000c4e00000, 0x00000000c4e00000, 0x00000000c4f00000|  0%| F|  |TAMS 0x00000000c4e00000, 0x00000000c4e00000| Untracked 
|  51|0x00000000c4f00000, 0x00000000c4f00000, 0x00000000c5000000|  0%| F|  |TAMS 0x00000000c4f00000, 0x00000000c4f00000| Untracked 
|  52|0x00000000c5000000, 0x00000000c5000000, 0x00000000c5100000|  0%| F|  |TAMS 0x00000000c5000000, 0x00000000c5000000| Untracked 
|  53|0x00000000c5100000, 0x00000000c5100000, 0x00000000c5200000|  0%| F|  |TAMS 0x00000000c5100000, 0x00000000c5100000| Untracked 
|  54|0x00000000c5200000, 0x00000000c5200000, 0x00000000c5300000|  0%| F|  |TAMS 0x00000000c5200000, 0x00000000c5200000| Untracked 
|  55|0x00000000c5300000, 0x00000000c5300000, 0x00000000c5400000|  0%| F|  |TAMS 0x00000000c5300000, 0x00000000c5300000| Untracked 
|  56|0x00000000c5400000, 0x00000000c5400000, 0x00000000c5500000|  0%| F|  |TAMS 0x00000000c5400000, 0x00000000c5400000| Untracked 
|  57|0x00000000c5500000, 0x00000000c5500000, 0x00000000c5600000|  0%| F|  |TAMS 0x00000000c5500000, 0x00000000c5500000| Untracked 
|  58|0x00000000c5600000, 0x00000000c5600000, 0x00000000c5700000|  0%| F|  |TAMS 0x00000000c5600000, 0x00000000c5600000| Untracked 
|  59|0x00000000c5700000, 0x00000000c5700000, 0x00000000c5800000|  0%| F|  |TAMS 0x00000000c5700000, 0x00000000c5700000| Untracked 
|  60|0x00000000c5800000, 0x00000000c5800000, 0x00000000c5900000|  0%| F|  |TAMS 0x00000000c5800000, 0x00000000c5800000| Untracked 
|  61|0x00000000c5900000, 0x00000000c598fe50, 0x00000000c5a00000| 56%| E|  |TAMS 0x00000000c5900000, 0x00000000c5900000| Complete 
|  62|0x00000000c5a00000, 0x00000000c5b00000, 0x00000000c5b00000|100%| E|CS|TAMS 0x00000000c5a00000, 0x00000000c5a00000| Complete 
|  63|0x00000000c5b00000, 0x00000000c5c00000, 0x00000000c5c00000|100%| E|CS|TAMS 0x00000000c5b00000, 0x00000000c5b00000| Complete 

Card table byte_map: [0x000001bd3c4d0000,0x000001bd3c6d0000] _byte_map_base: 0x000001bd3bec2000

Marking Bits (Prev, Next): (CMBitMap*) 0x000001bd230348c8, (CMBitMap*) 0x000001bd23034900
 Prev Bits: [0x000001bd3c8d0000, 0x000001bd3d860000)
 Next Bits: [0x000001bd3d860000, 0x000001bd3e7f0000)

Polling page: 0x000001bd230e0000

Metaspace:

Usage:
  Non-class:      5.86 MB capacity,     5.79 MB ( 99%) used,    71.05 KB (  1%) free+waste,     3.69 KB ( <1%) overhead. 
      Class:    606.00 KB capacity,   573.37 KB ( 95%) used,    30.82 KB (  5%) free+waste,     1.81 KB ( <1%) overhead. 
       Both:      6.46 MB capacity,     6.35 MB ( 98%) used,   101.87 KB (  2%) free+waste,     5.50 KB ( <1%) overhead. 

Virtual space:
  Non-class space:       10.00 MB reserved,       6.00 MB ( 60%) committed 
      Class space:        1.00 GB reserved,     640.00 KB ( <1%) committed 
             Both:        1.01 GB reserved,       6.63 MB ( <1%) committed 

Chunk freelists:
   Non-Class:  1.38 KB
       Class:  256 bytes
        Both:  1.63 KB

CodeHeap 'non-profiled nmethods': size=120064Kb used=62Kb max_used=62Kb free=120001Kb
 bounds [0x000001bd34770000, 0x000001bd349e0000, 0x000001bd3bcb0000]
CodeHeap 'profiled nmethods': size=120000Kb used=259Kb max_used=259Kb free=119740Kb
 bounds [0x000001bd2d240000, 0x000001bd2d4b0000, 0x000001bd34770000]
CodeHeap 'non-nmethods': size=5696Kb used=1052Kb max_used=1060Kb free=4643Kb
 bounds [0x000001bd2ccb0000, 0x000001bd2cf20000, 0x000001bd2d240000]
 total_blobs=572 nmethods=229 adapters=255
 compilation: enabled
              stopped_count=0, restarted_count=0
 full_count=0

Compilation events (10 events):
Event: 0.270 Thread 0x000001bd40e46000  228       3       java.util.zip.ZipFile$Source::getEntryNext (9 bytes)
Event: 0.270 Thread 0x000001bd40e46000 nmethod 228 0x000001bd2d27f990 code [0x000001bd2d27fb40, 0x000001bd2d27fc78]
Event: 0.271 Thread 0x000001bd40e46000  227       3       java.util.Objects::requireNonNull (15 bytes)
Event: 0.271 Thread 0x000001bd40e46000 nmethod 227 0x000001bd2d27fd90 code [0x000001bd2d27ff40, 0x000001bd2d280108]
Event: 0.273 Thread 0x000001bd40e46000  229       3       java.lang.String::isEmpty (14 bytes)
Event: 0.274 Thread 0x000001bd40e46000 nmethod 229 0x000001bd2d280210 code [0x000001bd2d2803c0, 0x000001bd2d280518]
Event: 0.274 Thread 0x000001bd40e46000  230       1       java.lang.String::value (5 bytes)
Event: 0.274 Thread 0x000001bd40e46000 nmethod 230 0x000001bd3477f690 code [0x000001bd3477f820, 0x000001bd3477f8d8]
Event: 0.277 Thread 0x000001bd40e46000  231       3       java.lang.StringBuilder::toString (35 bytes)
Event: 0.277 Thread 0x000001bd40e46000 nmethod 231 0x000001bd2d280610 code [0x000001bd2d280800, 0x000001bd2d280c98]

GC Heap History (0 events):
No events

Deoptimization events (5 events):
Event: 0.243 Thread 0x000001bd23009000 Uncommon trap: reason=class_check action=maybe_recompile pc=0x000001bd3477ce38 method=java.util.HashMap.putVal(ILjava/lang/Object;Ljava/lang/Object;ZZ)Ljava/lang/Object; @ 152 c2
Event: 0.246 Thread 0x000001bd23009000 Uncommon trap: reason=class_check action=maybe_recompile pc=0x000001bd3477ce38 method=java.util.HashMap.putVal(ILjava/lang/Object;Ljava/lang/Object;ZZ)Ljava/lang/Object; @ 152 c2
Event: 0.247 Thread 0x000001bd23009000 Uncommon trap: reason=class_check action=maybe_recompile pc=0x000001bd3477ce38 method=java.util.HashMap.putVal(ILjava/lang/Object;Ljava/lang/Object;ZZ)Ljava/lang/Object; @ 152 c2
Event: 0.251 Thread 0x000001bd23009000 Uncommon trap: reason=class_check action=maybe_recompile pc=0x000001bd3477ce38 method=java.util.HashMap.putVal(ILjava/lang/Object;Ljava/lang/Object;ZZ)Ljava/lang/Object; @ 152 c2
Event: 0.268 Thread 0x000001bd23009000 Uncommon trap: reason=unstable_if action=reinterpret pc=0x000001bd34779a78 method=java.lang.String.isLatin1()Z @ 10 c2

Classes redefined (0 events):
No events

Internal exceptions (0 events):
No events

Events (10 events):
Event: 0.278 loading class java/io/BufferedReader
Event: 0.278 loading class java/io/BufferedReader done
Event: 0.278 loading class java/net/Socket$2
Event: 0.278 loading class java/net/Socket$2 done
Event: 0.278 loading class java/net/SocketInputStream
Event: 0.278 loading class java/net/SocketInputStream done
Event: 0.279 loading class sun/nio/cs/StreamDecoder
Event: 0.279 loading class sun/nio/cs/StreamDecoder done
Event: 0.279 loading class sun/nio/cs/US_ASCII$Decoder
Event: 0.279 loading class sun/nio/cs/US_ASCII$Decoder done


Dynamic libraries:
0x00007ff7e45f0000 - 0x00007ff7e45ff000 	C:\Program Files\Java\jdk-11.0.12\bin\java.exe
0x00007ff85a7a0000 - 0x00007ff85a990000 	C:\Windows\SYSTEM32\ntdll.dll
0x00007ff8591e0000 - 0x00007ff859292000 	C:\Windows\System32\KERNEL32.DLL
0x00007ff8579d0000 - 0x00007ff857c73000 	C:\Windows\System32\KERNELBASE.dll
0x00007ff857730000 - 0x00007ff85782a000 	C:\Windows\System32\ucrtbase.dll
0x00007ff8556b0000 - 0x00007ff8556c8000 	C:\Program Files\Java\jdk-11.0.12\bin\jli.dll
0x00007ff8535e0000 - 0x00007ff8535f5000 	C:\Program Files\Java\jdk-11.0.12\bin\VCRUNTIME140.dll
0x00007ff85a570000 - 0x00007ff85a613000 	C:\Windows\System32\ADVAPI32.dll
0x00007ff85a400000 - 0x00007ff85a49e000 	C:\Windows\System32\msvcrt.dll
0x00007ff8595f0000 - 0x00007ff859687000 	C:\Windows\System32\sechost.dll
0x00007ff858d00000 - 0x00007ff858e20000 	C:\Windows\System32\RPCRT4.dll
0x00007ff8588e0000 - 0x00007ff858a73000 	C:\Windows\System32\USER32.dll
0x00007ff857d20000 - 0x00007ff857d41000 	C:\Windows\System32\win32u.dll
0x00007ff84d2c0000 - 0x00007ff84d545000 	C:\Windows\WinSxS\amd64_microsoft.windows.common-controls_6595b64144ccf1df_6.0.18362.207_none_e6c5ae95130e4267\COMCTL32.dll
0x00007ff85a370000 - 0x00007ff85a396000 	C:\Windows\System32\GDI32.dll
0x00007ff8592a0000 - 0x00007ff8595d6000 	C:\Windows\System32\combase.dll
0x00007ff857830000 - 0x00007ff8579c4000 	C:\Windows\System32\gdi32full.dll
0x00007ff857c80000 - 0x00007ff857d1e000 	C:\Windows\System32\msvcp_win.dll
0x00007ff857fe0000 - 0x00007ff858061000 	C:\Windows\System32\bcryptPrimitives.dll
0x00007ff850b80000 - 0x00007ff850b8a000 	C:\Windows\SYSTEM32\VERSION.dll
0x00007ff85a540000 - 0x00007ff85a56e000 	C:\Windows\System32\IMM32.DLL
0x00007ff841890000 - 0x00007ff84192b000 	C:\Program Files\Java\jdk-11.0.12\bin\msvcp140.dll
0x00007ff827f30000 - 0x00007ff828a2f000 	C:\Program Files\Java\jdk-11.0.12\bin\server\jvm.dll
0x00007ff8595e0000 - 0x00007ff8595e8000 	C:\Windows\System32\PSAPI.DLL
0x00007ff854ba0000 - 0x00007ff854bc4000 	C:\Windows\SYSTEM32\WINMM.dll
0x00007ff84b8f0000 - 0x00007ff84b8f9000 	C:\Windows\SYSTEM32\WSOCK32.dll
0x00007ff858e20000 - 0x00007ff858e8f000 	C:\Windows\System32\WS2_32.dll
0x00007ff854910000 - 0x00007ff85493d000 	C:\Windows\SYSTEM32\WINMMBASE.dll
0x00007ff858810000 - 0x00007ff85885a000 	C:\Windows\System32\cfgmgr32.dll
0x00007ff8576a0000 - 0x00007ff8576b1000 	C:\Windows\System32\kernel.appcore.dll
0x00007ff854580000 - 0x00007ff854590000 	C:\Program Files\Java\jdk-11.0.12\bin\verify.dll
0x00007ff84fda0000 - 0x00007ff84ff94000 	C:\Windows\SYSTEM32\DBGHELP.DLL
0x00007ff84fd70000 - 0x00007ff84fd9a000 	C:\Windows\SYSTEM32\dbgcore.DLL
0x00007ff8510e0000 - 0x00007ff851108000 	C:\Program Files\Java\jdk-11.0.12\bin\java.dll
0x00007ff853fb0000 - 0x00007ff853fba000 	C:\Program Files\Java\jdk-11.0.12\bin\jimage.dll
0x00007ff853fc0000 - 0x00007ff853fce000 	C:\Program Files\Java\jdk-11.0.12\bin\instrument.dll
0x00007ff853590000 - 0x00007ff8535a6000 	C:\Program Files\Java\jdk-11.0.12\bin\zip.dll
0x00007ff859690000 - 0x00007ff859d70000 	C:\Windows\System32\SHELL32.dll
0x00007ff859130000 - 0x00007ff8591d9000 	C:\Windows\System32\shcore.dll
0x00007ff858070000 - 0x00007ff8587eb000 	C:\Windows\System32\windows.storage.dll
0x00007ff857680000 - 0x00007ff85769f000 	C:\Windows\System32\profapi.dll
0x00007ff8576c0000 - 0x00007ff85770a000 	C:\Windows\System32\powrprof.dll
0x00007ff857670000 - 0x00007ff857680000 	C:\Windows\System32\UMPDC.dll
0x00007ff85a3a0000 - 0x00007ff85a3f2000 	C:\Windows\System32\shlwapi.dll
0x00007ff8587f0000 - 0x00007ff858807000 	C:\Windows\System32\cryptsp.dll
0x00007ff8515c0000 - 0x00007ff8515d9000 	C:\Program Files\Java\jdk-11.0.12\bin\net.dll
0x00007ff84d0c0000 - 0x00007ff84d1b0000 	C:\Windows\SYSTEM32\WINHTTP.dll
0x00007ff856e80000 - 0x00007ff856ee7000 	C:\Windows\system32\mswsock.dll
0x00007ff851510000 - 0x00007ff851522000 	C:\Program Files\Java\jdk-11.0.12\bin\nio.dll
0x00007ff851580000 - 0x00007ff85159a000 	C:\Program Files\JetBrains\IntelliJ IDEA Community Edition 2021.3\bin\breakgen64.dll

dbghelp: loaded successfully - version: 4.0.5 - missing functions: none
symbol engine: initialized successfully - sym options: 0x614 - pdb path: .;C:\Program Files\Java\jdk-11.0.12\bin;C:\Windows\SYSTEM32;C:\Windows\WinSxS\amd64_microsoft.windows.common-controls_6595b64144ccf1df_6.0.18362.207_none_e6c5ae95130e4267;C:\Program Files\Java\jdk-11.0.12\bin\server;C:\Program Files\JetBrains\IntelliJ IDEA Community Edition 2021.3\bin

VM Arguments:
jvm_args: -javaagent:C:\Program Files\JetBrains\IntelliJ IDEA Community Edition 2021.3\lib\idea_rt.jar=64955:C:\Program Files\JetBrains\IntelliJ IDEA Community Edition 2021.3\bin -Dfile.encoding=UTF-8 
java_command: module5.PracticalWork5Kt
java_class_path (initial): C:\Users\Win10Pro\YandexDisk\StudyKotlin\build\classes\kotlin\main;C:\Users\Win10Pro\.gradle\caches\modules-2\files-2.1\org.jetbrains.kotlin\kotlin-stdlib-jdk8\1.6.10\e80fe6ac3c3573a80305f5ec43f86b829e8ab53d\kotlin-stdlib-jdk8-1.6.10.jar;C:\Users\Win10Pro\.gradle\caches\modules-2\files-2.1\org.jetbrains.kotlin\kotlin-stdlib-jdk7\1.6.10\e1c380673654a089c4f0c9f83d0ddfdc1efdb498\kotlin-stdlib-jdk7-1.6.10.jar;C:\Users\Win10Pro\.gradle\caches\modules-2\files-2.1\org.jetbrains.kotlin\kotlin-stdlib\1.6.10\b8af3fe6f1ca88526914929add63cf5e7c5049af\kotlin-stdlib-1.6.10.jar;C:\Users\Win10Pro\.gradle\caches\modules-2\files-2.1\org.jetbrains\annotations\13.0\919f0dfe192fb4e063e7dacadee7f8bb9a2672a9\annotations-13.0.jar;C:\Users\Win10Pro\.gradle\caches\modules-2\files-2.1\org.jetbrains.kotlin\kotlin-stdlib-common\1.6.10\c118700e3a33c8a0d9adc920e9dec0831171925\kotlin-stdlib-common-1.6.10.jar
Launcher Type: SUN_STANDARD

[Global flags]
     intx CICompilerCount                          = 3                                         {product} {ergonomic}
     uint ConcGCThreads                            = 1                                         {product} {ergonomic}
     uint G1ConcRefinementThreads                  = 4                                         {product} {ergonomic}
   size_t G1HeapRegionSize                         = 1048576                                   {product} {ergonomic}
    uintx GCDrainStackTargetSize                   = 64                                        {product} {ergonomic}
   size_t InitialHeapSize                          = 67108864                                  {product} {ergonomic}
   size_t MarkStackSize                            = 4194304                                   {product} {ergonomic}
   size_t MaxHeapSize                              = 1044381696                                {product} {ergonomic}
   size_t MaxNewSize                               = 625999872                                 {product} {ergonomic}
   size_t MinHeapDeltaBytes                        = 1048576                                   {product} {ergonomic}
    uintx NonNMethodCodeHeapSize                   = 5830732                                {pd product} {ergonomic}
    uintx NonProfiledCodeHeapSize                  = 122913754                              {pd product} {ergonomic}
    uintx ProfiledCodeHeapSize                     = 122913754                              {pd product} {ergonomic}
    uintx ReservedCodeCacheSize                    = 251658240                              {pd product} {ergonomic}
     bool SegmentedCodeCache                       = true                                      {product} {ergonomic}
     bool UseCompressedClassPointers               = true                                 {lp64_product} {ergonomic}
     bool UseCompressedOops                        = true                                 {lp64_product} {ergonomic}
     bool UseG1GC                                  = true                                      {product} {ergonomic}
     bool UseLargePagesIndividualAllocation        = false                                  {pd product} {ergonomic}

Logging:
Log output configuration:
 #0: stdout all=warning uptime,level,tags
 #1: stderr all=off uptime,level,tags

Environment Variables:
PATH=C:\Program Files\Common Files\Oracle\Java\javapath;C:\Windows\system32;C:\Windows;C:\Windows\System32\Wbem;C:\Windows\System32\WindowsPowerShell\v1.0\;C:\Windows\System32\OpenSSH\;C:\Program Files\Git\cmd;C:\Users\Win10Pro\AppData\Local\Microsoft\WindowsApps;
USERNAME=Win10Pro
OS=Windows_NT
PROCESSOR_IDENTIFIER=Intel64 Family 6 Model 58 Stepping 9, GenuineIntel



---------------  S Y S T E M  ---------------

OS: Windows 10 , 64 bit Build 18362 (10.0.18362.86)

CPU:total 4 (initial active 4) (2 cores per cpu, 2 threads per core) family 6 model 58 stepping 9 microcode 0x21, cmov, cx8, fxsr, mmx, sse, sse2, sse3, ssse3, sse4.1, sse4.2, popcnt, avx, clmul, erms, ht, tsc, tscinvbit, tscinv

Memory: 4k page, system-wide physical 3981M (290M free)
TotalPageFile size 5374M (AvailPageFile size 13M)
current process WorkingSet (physical memory assigned to process): 34M, peak: 34M
current process commit charge ("private bytes"): 131M, peak: 131M

vm_info: Java HotSpot(TM) 64-Bit Server VM (11.0.12+8-LTS-237) for windows-amd64 JRE (11.0.12+8-LTS-237), built on Jun  8 2021 11:25:59 by "mach5one" with MS VC++ 15.9 (VS2017)

END.
